Running: fuse.exe -relaunch -intstyle "ise" -incremental -lib "unisims_ver" -lib "unimacro_ver" -lib "xilinxcorelib_ver" -o "D:/Mariano/Universidad/Ing. en Comp/Arquitectura de Computadoras/2013/Practico/TPF/Pipeline Simple/Pipeline/testPipeline_isim_beh.exe" -prj "D:/Mariano/Universidad/Ing. en Comp/Arquitectura de Computadoras/2013/Practico/TPF/Pipeline Simple/Pipeline/testPipeline_beh.prj" "work.testPipeline" "work.glbl" 
ISim O.61xd (signature 0x1cce1bb2)
Number of CPUs detected in this system: 4
Turning on mult-threading, number of parallel sub-compilation jobs: 8 
Determining compilation order of HDL files
Analyzing Verilog file \"D:/Mariano/Universidad/Ing. en Comp/Arquitectura de Computadoras/2013/Practico/TPF/Pipeline Simple/Pipeline/SumadorPC.v\" into library work
Analyzing Verilog file \"D:/Mariano/Universidad/Ing. en Comp/Arquitectura de Computadoras/2013/Practico/TPF/Pipeline Simple/Pipeline/SaltosMUX.v\" into library work
Analyzing Verilog file \"D:/Mariano/Universidad/Ing. en Comp/Arquitectura de Computadoras/2013/Practico/TPF/Pipeline Simple/Pipeline/SaltosALU.v\" into library work
Analyzing Verilog file \"D:/Mariano/Universidad/Ing. en Comp/Arquitectura de Computadoras/2013/Practico/TPF/Pipeline Simple/Pipeline/RegistrosMUX.v\" into library work
Analyzing Verilog file \"D:/Mariano/Universidad/Ing. en Comp/Arquitectura de Computadoras/2013/Practico/TPF/Pipeline Simple/Pipeline/Registros.v\" into library work
Analyzing Verilog file \"D:/Mariano/Universidad/Ing. en Comp/Arquitectura de Computadoras/2013/Practico/TPF/Pipeline Simple/Pipeline/Pc.v\" into library work
Analyzing Verilog file \"D:/Mariano/Universidad/Ing. en Comp/Arquitectura de Computadoras/2013/Practico/TPF/Pipeline Simple/Pipeline/MEM_WB.v\" into library work
Analyzing Verilog file \"D:/Mariano/Universidad/Ing. en Comp/Arquitectura de Computadoras/2013/Practico/TPF/Pipeline Simple/Pipeline/memoriaDeInstrucciones.v\" into library work
Analyzing Verilog file \"D:/Mariano/Universidad/Ing. en Comp/Arquitectura de Computadoras/2013/Practico/TPF/Pipeline Simple/Pipeline/MemoriaDeDatos.v\" into library work
Analyzing Verilog file \"D:/Mariano/Universidad/Ing. en Comp/Arquitectura de Computadoras/2013/Practico/TPF/Pipeline Simple/Pipeline/IF_ID.v\" into library work
Analyzing Verilog file \"D:/Mariano/Universidad/Ing. en Comp/Arquitectura de Computadoras/2013/Practico/TPF/Pipeline Simple/Pipeline/ID_EX.v\" into library work
Analyzing Verilog file \"D:/Mariano/Universidad/Ing. en Comp/Arquitectura de Computadoras/2013/Practico/TPF/Pipeline Simple/Pipeline/EX_MEM.v\" into library work
Analyzing Verilog file \"D:/Mariano/Universidad/Ing. en Comp/Arquitectura de Computadoras/2013/Practico/TPF/Pipeline Simple/Pipeline/ExtensionSigno.v\" into library work
Analyzing Verilog file \"D:/Mariano/Universidad/Ing. en Comp/Arquitectura de Computadoras/2013/Practico/TPF/Pipeline Simple/Pipeline/DatosMUX.v\" into library work
Analyzing Verilog file \"D:/Mariano/Universidad/Ing. en Comp/Arquitectura de Computadoras/2013/Practico/TPF/Pipeline Simple/Pipeline/ControlALU.v\" into library work
Analyzing Verilog file \"D:/Mariano/Universidad/Ing. en Comp/Arquitectura de Computadoras/2013/Practico/TPF/Pipeline Simple/Pipeline/Control.v\" into library work
Analyzing Verilog file \"D:/Mariano/Universidad/Ing. en Comp/Arquitectura de Computadoras/2013/Practico/TPF/Pipeline Simple/Pipeline/Branch.v\" into library work
Analyzing Verilog file \"D:/Mariano/Universidad/Ing. en Comp/Arquitectura de Computadoras/2013/Practico/TPF/Pipeline Simple/Pipeline/AluMUX.v\" into library work
Analyzing Verilog file \"D:/Mariano/Universidad/Ing. en Comp/Arquitectura de Computadoras/2013/Practico/TPF/Pipeline Simple/Pipeline/ALU.v\" into library work
Analyzing Verilog file \"D:/Mariano/Universidad/Ing. en Comp/Arquitectura de Computadoras/2013/Practico/TPF/Pipeline Simple/Pipeline/pipeline.v\" into library work
Analyzing Verilog file \"D:/Mariano/Universidad/Ing. en Comp/Arquitectura de Computadoras/2013/Practico/TPF/Pipeline Simple/Pipeline/testPipeline.v\" into library work
Analyzing Verilog file \"C:/Xilinx/13.2/ISE_DS/ISE//verilog/src/glbl.v\" into library work
Starting static elaboration
WARNING:HDLCompiler:189 - "D:/Mariano/Universidad/Ing. en Comp/Arquitectura de Computadoras/2013/Practico/TPF/Pipeline Simple/Pipeline/pipeline.v" Line 55: Size mismatch in connection of port <direccion>. Formal port size is 10-bit while actual signal size is 32-bit.
WARNING:HDLCompiler:189 - "D:/Mariano/Universidad/Ing. en Comp/Arquitectura de Computadoras/2013/Practico/TPF/Pipeline Simple/Pipeline/pipeline.v" Line 250: Size mismatch in connection of port <direccion>. Formal port size is 10-bit while actual signal size is 32-bit.
Completed static elaboration
Compiling module SaltosMUX
Compiling module Pc
Compiling module memoriaDeInstrucciones
Compiling module SumadorPC
Compiling module IF_ID
Compiling module Registros
Compiling module ExtensionSigno
Compiling module Control
Compiling module ID_EX
Compiling module SaltosALU
Compiling module RegistrosMUX
Compiling module AluMUX
Compiling module ALU
Compiling module ControlALU
Compiling module EX_MEM
Compiling module Branch
Compiling module MemoriaDeDatos
Compiling module MEM_WB
Compiling module DatosMUX
Compiling module pipeline
Compiling module testPipeline
Compiling module glbl
Time Resolution for simulation is 1ps.
Waiting for 15 sub-compilation(s) to finish...
Compiled 22 Verilog Units
Built simulation executable D:/Mariano/Universidad/Ing. en Comp/Arquitectura de Computadoras/2013/Practico/TPF/Pipeline Simple/Pipeline/testPipeline_isim_beh.exe
Fuse Memory Usage: 17132 KB
Fuse CPU Usage: 218 ms
